[debug] [2021-08-26T09:35:19.690Z] ----------------------------------------------------------------------
[debug] [2021-08-26T09:35:19.696Z] Command:       C:\Program Files\nodejs\node.exe C:\Users\victor\AppData\Roaming\npm\node_modules\firebase-tools\lib\bin\firebase.js init
[debug] [2021-08-26T09:35:19.696Z] CLI Version:   9.16.5
[debug] [2021-08-26T09:35:19.697Z] Platform:      win32
[debug] [2021-08-26T09:35:19.697Z] Node Version:  v14.16.1
[debug] [2021-08-26T09:35:19.705Z] Time:          Thu Aug 26 2021 12:35:19 GMT+0300 (East Africa Time)
[debug] [2021-08-26T09:35:19.705Z] ----------------------------------------------------------------------
[debug] 
[debug] [2021-08-26T09:35:19.845Z] > command requires scopes: ["email","openid","https://www.googleapis.com/auth/cloudplatformprojects.readonly","https://www.googleapis.com/auth/firebase","https://www.googleapis.com/auth/cloud-platform"]
[debug] [2021-08-26T09:35:19.845Z] > authorizing via signed-in user (victorneez6@gmail.com)
[info] 
     ######## #### ########  ######## ########     ###     ######  ########
     ##        ##  ##     ## ##       ##     ##  ##   ##  ##       ##
     ######    ##  ########  ######   ########  #########  ######  ######
     ##        ##  ##    ##  ##       ##     ## ##     ##       ## ##
     ##       #### ##     ## ######## ########  ##     ##  ######  ########

You're about to initialize a Firebase project in this directory:

  C:\Users\victor\Desktop\Portfolio

Before we get started, keep in mind:

  * You are initializing within an existing Firebase project directory

